<?xml version="1.0" encoding="UTF-8"?>
<!-- Generated by org.testng.reporters.JUnitReportReporter -->
<testsuite skipped="0" hostname="LAPTOP-J3FRUKGM" name="test.LoginTest" tests="1" failures="0" timestamp="2022-02-21T16:04:29 CST" time="10.680" errors="0">
  <testcase name="validUserShouldBeAbleToLogin" time="10.680" classname="test.LoginTest"/>
  <system-out/>
</testsuite> <!-- test.LoginTest -->
